<?xml version="1.0" encoding="UTF-8"?>
<testsuite name="com.womakerscode.microservicemeetup.controller.RegistrationControllerTest" tests="10" skipped="0" failures="0" errors="0" timestamp="2022-05-01T16:37:15" hostname="DESKTOP-UECMA0T" time="0.716">
  <properties/>
  <testcase name="Should create a registration with success" classname="com.womakerscode.microservicemeetup.controller.RegistrationControllerTest" time="0.545"/>
  <testcase name="Should get registration information" classname="com.womakerscode.microservicemeetup.controller.RegistrationControllerTest" time="0.014"/>
  <testcase name="Should return NOT FOUND when registration doesn't exists" classname="com.womakerscode.microservicemeetup.controller.RegistrationControllerTest" time="0.014"/>
  <testcase name="Should return 404 when try to update a non existent registration" classname="com.womakerscode.microservicemeetup.controller.RegistrationControllerTest" time="0.014"/>
  <testcase name="Should delete a registration" classname="com.womakerscode.microservicemeetup.controller.RegistrationControllerTest" time="0.006"/>
  <testcase name="Should throw exception when it hadn't have enough date for the test." classname="com.womakerscode.microservicemeetup.controller.RegistrationControllerTest" time="0.028"/>
  <testcase name="Should update registration info" classname="com.womakerscode.microservicemeetup.controller.RegistrationControllerTest" time="0.012"/>
  <testcase name="Should return resource not found when no registration is found to delete" classname="com.womakerscode.microservicemeetup.controller.RegistrationControllerTest" time="0.008"/>
  <testcase name="Should filter registration" classname="com.womakerscode.microservicemeetup.controller.RegistrationControllerTest" time="0.051"/>
  <testcase name="Should throw exception when try to create a new registration when there is already a registration created." classname="com.womakerscode.microservicemeetup.controller.RegistrationControllerTest" time="0.012"/>
  <system-out><![CDATA[13:37:12.204 [Test worker] DEBUG org.springframework.test.context.BootstrapUtils - Instantiating CacheAwareContextLoaderDelegate from class [org.springframework.test.context.cache.DefaultCacheAwareContextLoaderDelegate]
13:37:12.229 [Test worker] DEBUG org.springframework.test.context.BootstrapUtils - Instantiating BootstrapContext using constructor [public org.springframework.test.context.support.DefaultBootstrapContext(java.lang.Class,org.springframework.test.context.CacheAwareContextLoaderDelegate)]
13:37:12.299 [Test worker] DEBUG org.springframework.test.context.BootstrapUtils - Instantiating TestContextBootstrapper for test class [com.womakerscode.microservicemeetup.controller.RegistrationControllerTest] from class [org.springframework.boot.test.autoconfigure.web.servlet.WebMvcTestContextBootstrapper]
13:37:12.319 [Test worker] INFO org.springframework.boot.test.autoconfigure.web.servlet.WebMvcTestContextBootstrapper - Neither @ContextConfiguration nor @ContextHierarchy found for test class [com.womakerscode.microservicemeetup.controller.RegistrationControllerTest], using SpringBootContextLoader
13:37:12.326 [Test worker] DEBUG org.springframework.test.context.support.AbstractContextLoader - Did not detect default resource location for test class [com.womakerscode.microservicemeetup.controller.RegistrationControllerTest]: class path resource [com/womakerscode/microservicemeetup/controller/RegistrationControllerTest-context.xml] does not exist
13:37:12.327 [Test worker] DEBUG org.springframework.test.context.support.AbstractContextLoader - Did not detect default resource location for test class [com.womakerscode.microservicemeetup.controller.RegistrationControllerTest]: class path resource [com/womakerscode/microservicemeetup/controller/RegistrationControllerTestContext.groovy] does not exist
13:37:12.328 [Test worker] INFO org.springframework.test.context.support.AbstractContextLoader - Could not detect default resource locations for test class [com.womakerscode.microservicemeetup.controller.RegistrationControllerTest]: no resource found for suffixes {-context.xml, Context.groovy}.
13:37:12.329 [Test worker] INFO org.springframework.test.context.support.AnnotationConfigContextLoaderUtils - Could not detect default configuration classes for test class [com.womakerscode.microservicemeetup.controller.RegistrationControllerTest]: RegistrationControllerTest does not declare any static, non-private, non-final, nested classes annotated with @Configuration.
13:37:12.521 [Test worker] DEBUG org.springframework.context.annotation.ClassPathScanningCandidateComponentProvider - Identified candidate component class: file [C:\Users\Ana Carolina\Desktop\Programacao\Projetos Spring\Servico-de-agendamento-de-meetups\build\classes\java\main\com\womakerscode\microservicemeetup\ServicoDeAgendamentoDeMeetupsApplication.class]
13:37:12.523 [Test worker] INFO org.springframework.boot.test.context.SpringBootTestContextBootstrapper - Found @SpringBootConfiguration com.womakerscode.microservicemeetup.ServicoDeAgendamentoDeMeetupsApplication for test class com.womakerscode.microservicemeetup.controller.RegistrationControllerTest
13:37:12.529 [Test worker] DEBUG org.springframework.boot.test.autoconfigure.web.servlet.WebMvcTestContextBootstrapper - @TestExecutionListeners is not present for class [com.womakerscode.microservicemeetup.controller.RegistrationControllerTest]: using defaults.
13:37:12.530 [Test worker] INFO org.springframework.boot.test.autoconfigure.web.servlet.WebMvcTestContextBootstrapper - Loaded default TestExecutionListener class names from location [META-INF/spring.factories]: [org.springframework.boot.test.autoconfigure.restdocs.RestDocsTestExecutionListener, org.springframework.boot.test.autoconfigure.web.client.MockRestServiceServerResetTestExecutionListener, org.springframework.boot.test.autoconfigure.web.servlet.MockMvcPrintOnlyOnFailureTestExecutionListener, org.springframework.boot.test.autoconfigure.web.servlet.WebDriverTestExecutionListener, org.springframework.boot.test.autoconfigure.webservices.client.MockWebServiceServerTestExecutionListener, org.springframework.boot.test.mock.mockito.MockitoTestExecutionListener, org.springframework.boot.test.mock.mockito.ResetMocksTestExecutionListener, org.springframework.test.context.web.ServletTestExecutionListener, org.springframework.test.context.support.DirtiesContextBeforeModesTestExecutionListener, org.springframework.test.context.event.ApplicationEventsTestExecutionListener, org.springframework.test.context.support.DependencyInjectionTestExecutionListener, org.springframework.test.context.support.DirtiesContextTestExecutionListener, org.springframework.test.context.transaction.TransactionalTestExecutionListener, org.springframework.test.context.jdbc.SqlScriptsTestExecutionListener, org.springframework.test.context.event.EventPublishingTestExecutionListener]
13:37:12.559 [Test worker] INFO org.springframework.boot.test.autoconfigure.web.servlet.WebMvcTestContextBootstrapper - Using TestExecutionListeners: [org.springframework.test.context.web.ServletTestExecutionListener@15eebbff, org.springframework.test.context.support.DirtiesContextBeforeModesTestExecutionListener@22d6f11, org.springframework.test.context.event.ApplicationEventsTestExecutionListener@30990c1b, org.springframework.boot.test.mock.mockito.MockitoTestExecutionListener@2453f95d, org.springframework.boot.test.autoconfigure.SpringBootDependencyInjectionTestExecutionListener@44828f6b, org.springframework.test.context.support.DirtiesContextTestExecutionListener@2dbe250d, org.springframework.test.context.transaction.TransactionalTestExecutionListener@553f1d75, org.springframework.test.context.jdbc.SqlScriptsTestExecutionListener@6e1d8f9e, org.springframework.test.context.event.EventPublishingTestExecutionListener@3e34ace1, org.springframework.boot.test.autoconfigure.restdocs.RestDocsTestExecutionListener@62fe6067, org.springframework.boot.test.autoconfigure.web.client.MockRestServiceServerResetTestExecutionListener@4f071df8, org.springframework.boot.test.autoconfigure.web.servlet.MockMvcPrintOnlyOnFailureTestExecutionListener@4de41af9, org.springframework.boot.test.autoconfigure.web.servlet.WebDriverTestExecutionListener@56ace400, org.springframework.boot.test.autoconfigure.webservices.client.MockWebServiceServerTestExecutionListener@47404bea, org.springframework.boot.test.mock.mockito.ResetMocksTestExecutionListener@305f7627]
13:37:12.566 [Test worker] DEBUG org.springframework.test.context.support.AbstractDirtiesContextTestExecutionListener - Before test class: context [DefaultTestContext@2611b9a3 testClass = RegistrationControllerTest, testInstance = [null], testMethod = [null], testException = [null], mergedContextConfiguration = [WebMergedContextConfiguration@54227100 testClass = RegistrationControllerTest, locations = '{}', classes = '{class com.womakerscode.microservicemeetup.ServicoDeAgendamentoDeMeetupsApplication}', contextInitializerClasses = '[]', activeProfiles = '{test}', propertySourceLocations = '{}', propertySourceProperties = '{org.springframework.boot.test.autoconfigure.web.servlet.WebMvcTestContextBootstrapper=true}', contextCustomizers = set[org.springframework.boot.test.autoconfigure.OverrideAutoConfigurationContextCustomizerFactory$DisableAutoConfigurationContextCustomizer@1e8ce150, org.springframework.boot.test.autoconfigure.actuate.metrics.MetricsExportContextCustomizerFactory$DisableMetricExportContextCustomizer@7b84fcf8, org.springframework.boot.test.autoconfigure.filter.TypeExcludeFiltersContextCustomizer@41ce32a9, org.springframework.boot.test.autoconfigure.properties.PropertyMappingContextCustomizer@544a2c4, org.springframework.boot.test.autoconfigure.web.servlet.WebDriverContextCustomizerFactory$Customizer@1d131e1b, [ImportsContextCustomizer@6b5894c8 key = [org.springframework.boot.autoconfigure.cache.CacheAutoConfiguration, org.springframework.boot.autoconfigure.context.MessageSourceAutoConfiguration, org.springframework.boot.autoconfigure.data.web.SpringDataWebAutoConfiguration, org.springframework.boot.autoconfigure.freemarker.FreeMarkerAutoConfiguration, org.springframework.boot.autoconfigure.groovy.template.GroovyTemplateAutoConfiguration, org.springframework.boot.autoconfigure.gson.GsonAutoConfiguration, org.springframework.boot.autoconfigure.hateoas.HypermediaAutoConfiguration, org.springframework.boot.autoconfigure.http.HttpMessageConvertersAutoConfiguration, org.springframework.boot.autoconfigure.jackson.JacksonAutoConfiguration, org.springframework.boot.autoconfigure.jsonb.JsonbAutoConfiguration, org.springframework.boot.autoconfigure.mustache.MustacheAutoConfiguration, org.springframework.boot.autoconfigure.task.TaskExecutionAutoConfiguration, org.springframework.boot.autoconfigure.thymeleaf.ThymeleafAutoConfiguration, org.springframework.boot.autoconfigure.validation.ValidationAutoConfiguration, org.springframework.boot.autoconfigure.web.servlet.error.ErrorMvcAutoConfiguration, org.springframework.boot.autoconfigure.web.servlet.HttpEncodingAutoConfiguration, org.springframework.boot.autoconfigure.web.servlet.WebMvcAutoConfiguration, org.springframework.boot.test.autoconfigure.web.servlet.MockMvcAutoConfiguration, org.springframework.boot.test.autoconfigure.web.servlet.MockMvcWebClientAutoConfiguration, org.springframework.boot.test.autoconfigure.web.servlet.MockMvcWebDriverAutoConfiguration, org.springframework.boot.autoconfigure.security.oauth2.client.servlet.OAuth2ClientAutoConfiguration, org.springframework.boot.autoconfigure.security.oauth2.resource.servlet.OAuth2ResourceServerAutoConfiguration, org.springframework.boot.autoconfigure.security.servlet.SecurityAutoConfiguration, org.springframework.boot.autoconfigure.security.servlet.SecurityFilterAutoConfiguration, org.springframework.boot.autoconfigure.security.servlet.UserDetailsServiceAutoConfiguration, org.springframework.boot.test.autoconfigure.web.servlet.MockMvcSecurityConfiguration, org.springframework.boot.test.autoconfigure.web.reactive.WebTestClientAutoConfiguration]], org.springframework.boot.test.context.filter.ExcludeFilterContextCustomizer@4566d049, org.springframework.boot.test.json.DuplicateJsonObjectContextCustomizerFactory$DuplicateJsonObjectContextCustomizer@1c3b9394, org.springframework.boot.test.mock.mockito.MockitoContextCustomizer@65ac0bc7, org.springframework.boot.test.context.SpringBootTestArgs@1, org.springframework.boot.test.context.SpringBootTestWebEnvironment@0], resourceBasePath = 'src/main/webapp', contextLoader = 'org.springframework.boot.test.context.SpringBootContextLoader', parent = [null]], attributes = map[[empty]]], class annotated with @DirtiesContext [false] with mode [null].

  .   ____          _            __ _ _
 /\\ / ___'_ __ _ _(_)_ __  __ _ \ \ \ \
( ( )\___ | '_ | '_| | '_ \/ _` | \ \ \ \
 \\/  ___)| |_)| | | | | || (_| |  ) ) ) )
  '  |____| .__|_| |_|_| |_\__, | / / / /
 =========|_|==============|___/=/_/_/_/
 :: Spring Boot ::                (v2.6.6)

2022-05-01 13:37:13.175  INFO 21780 --- [    Test worker] c.w.m.c.RegistrationControllerTest       : Starting RegistrationControllerTest using Java 17.0.1 on DESKTOP-UECMA0T with PID 21780 (started by Ana Carolina in C:\Users\Ana Carolina\Desktop\Programacao\Projetos Spring\Servico-de-agendamento-de-meetups)
2022-05-01 13:37:13.177  INFO 21780 --- [    Test worker] c.w.m.c.RegistrationControllerTest       : The following 1 profile is active: "test"
2022-05-01 13:37:15.905  INFO 21780 --- [    Test worker] o.s.b.t.m.w.SpringBootMockServletContext : Initializing Spring TestDispatcherServlet ''
2022-05-01 13:37:15.905  INFO 21780 --- [    Test worker] o.s.t.web.servlet.TestDispatcherServlet  : Initializing Servlet ''
2022-05-01 13:37:15.907  INFO 21780 --- [    Test worker] o.s.t.web.servlet.TestDispatcherServlet  : Completed initialization in 2 ms
2022-05-01 13:37:15.949  INFO 21780 --- [    Test worker] c.w.m.c.RegistrationControllerTest       : Started RegistrationControllerTest in 3.295 seconds (JVM running for 4.984)
]]></system-out>
  <system-err><![CDATA[]]></system-err>
</testsuite>
